<?xml version="1.0" encoding="UTF-8"?>
<!-- Generated by org.testng.reporters.JUnitReportReporter -->
<testsuite hostname="DESKTOP-6D9SDR4" failures="0" tests="3" name="swag_lab.My_test" time="18.383" errors="0" timestamp="2023-10-24T12:58:58 EET" skipped="0">
  <testcase classname="swag_lab.My_test" name="LoginWithPerformanceUser" time="9.213"/>
  <system-out/>
  <testcase classname="swag_lab.My_test" name="LoginWithStandardUSer" time="5.393"/>
  <system-out/>
  <testcase classname="swag_lab.My_test" name="LoginWithProblemUser" time="3.777"/>
  <system-out/>
</testsuite> <!-- swag_lab.My_test -->
